Build started 10/18/2012 3:43:10 PM.
     1>Project "C:\Users\Philip\Documents\Visual Studio 2010\Projects\opencvtestc++\opencvtestc++\opencvtestc++.vcxproj" on node 2 (build target(s)).
     1>C:\Windows\Microsoft.NET\Framework\v4.0.30319\Microsoft.Common.Targets(1578,5): warning MSB3088: Could not read state file "Debug\opencvtestc++.vcxprojResolveAssemblyReference.cache". Exception has been thrown by the target of an invocation.
     1>InitializeBuildStatus:
         Touching "Debug\opencvtestc++.unsuccessfulbuild".
       ClCompile:
         c:\Program Files (x86)\Microsoft Visual Studio 10.0\VC\bin\CL.exe /c /ZI /nologo /W3 /WX- /Od /Oy- /D WIN32 /D _DEBUG /D _CONSOLE /D _UNICODE /D UNICODE /Gm /EHsc /RTC1 /MDd /GS /fp:precise /Zc:wchar_t /Zc:forScope /Yc"StdAfx.h" /Fp"Debug\opencvtestc++.pch" /Fo"Debug\\" /Fd"Debug\vc100.pdb" /Gd /TP /analyze- /errorReport:prompt stdafx.cpp
         stdafx.cpp
         c:\Program Files (x86)\Microsoft Visual Studio 10.0\VC\bin\CL.exe /c /ZI /nologo /W3 /WX- /Od /Oy- /D WIN32 /D _DEBUG /D _CONSOLE /D _UNICODE /D UNICODE /Gm /EHsc /RTC1 /MDd /GS /fp:precise /Zc:wchar_t /Zc:forScope /Yu"StdAfx.h" /Fp"Debug\opencvtestc++.pch" /Fo"Debug\\" /Fd"Debug\vc100.pdb" /Gd /TP /analyze- /errorReport:prompt opencvtestc++.cpp
         opencvtestc++.cpp
     1>c:\users\philip\documents\visual studio 2010\projects\opencvtestc++\opencvtestc++\opencvtestc++.cpp(5): fatal error C1083: Cannot open include file: 'cv.h': No such file or directory
     1>Done Building Project "C:\Users\Philip\Documents\Visual Studio 2010\Projects\opencvtestc++\opencvtestc++\opencvtestc++.vcxproj" (build target(s)) -- FAILED.

Build FAILED.

Time Elapsed 00:00:00.83
